2025-11-27 20:31:01,070 - INFO - Loading YOLO model: yolov8s.pt
2025-11-27 20:31:01,096 - INFO - Using device: cuda
2025-11-27 20:31:01,096 - INFO - Debug images will be saved to: debug_images/
2025-11-27 20:31:01,096 - INFO - Entry line: [800, 700, 600, 800]
2025-11-27 20:31:01,096 - INFO - Aspect ratio filter: min ratio = 2.0
2025-11-27 20:31:01,096 - INFO - Initializing EasyOCR for timestamp extraction...
2025-11-27 20:31:02,331 - INFO - EasyOCR initialized successfully
2025-11-27 20:31:04,974 - INFO - [ENTRY] Truck 1 crossed entry line at 2025-10-16 15:22:52
2025-11-27 20:31:04,975 - INFO - ACCEPTED: Aspect ratio 2.60 >= 2.0
2025-11-27 20:31:04,976 - INFO - Truck 1: ACCEPTED (aspect ratio 2.60) - saved to debug_images/Truck001
2025-11-27 20:31:05,941 - INFO - [ENTRY] Truck 2 crossed entry line at 2025-10-16 15:22:56
2025-11-27 20:31:05,941 - INFO - ACCEPTED: Aspect ratio 2.23 >= 2.0
2025-11-27 20:31:05,942 - INFO - Truck 2: ACCEPTED (aspect ratio 2.23) - saved to debug_images/Truck002
2025-11-27 20:31:06,439 - INFO - [ENTRY] Truck 3 crossed entry line at 2025-10-16 15:22:58
2025-11-27 20:31:06,440 - INFO - REJECTED: Aspect ratio 1.24 < 2.0 - trailer not visible
2025-11-27 20:31:06,440 - INFO - Truck 3: REJECTED (aspect ratio 1.24 < 2.0)
2025-11-27 20:31:07,479 - INFO - [ENTRY] Truck 4 crossed entry line at 2025-10-16 15:23:00
2025-11-27 20:31:07,479 - INFO - REJECTED: Aspect ratio 1.14 < 2.0 - trailer not visible
2025-11-27 20:31:07,479 - INFO - Truck 4: REJECTED (aspect ratio 1.14 < 2.0)
2025-11-27 20:31:08,377 - INFO - [ENTRY] Truck 5 crossed entry line at 2025-10-16 15:23:05
2025-11-27 20:31:08,377 - INFO - REJECTED: Aspect ratio 1.96 < 2.0 - trailer not visible
2025-11-27 20:31:08,378 - INFO - Truck 5: REJECTED (aspect ratio 1.96 < 2.0)
2025-11-27 20:31:10,582 - INFO - [ENTRY] Truck 6 crossed entry line at 2025-10-16 15:23:13
2025-11-27 20:31:10,582 - INFO - ACCEPTED: Aspect ratio 2.40 >= 2.0
2025-11-27 20:31:10,584 - INFO - Truck 6: ACCEPTED (aspect ratio 2.40) - saved to debug_images/Truck006
2025-11-27 20:31:12,290 - INFO - [ENTRY] Truck 7 crossed entry line at 2025-10-16 15:23:20
2025-11-27 20:31:12,290 - INFO - ACCEPTED: Aspect ratio 2.35 >= 2.0
2025-11-27 20:31:12,291 - INFO - Truck 7: ACCEPTED (aspect ratio 2.35) - saved to debug_images/Truck007
2025-11-27 20:31:15,130 - INFO - [ENTRY] Truck 8 crossed entry line at 2025-10-16 15:23:33
2025-11-27 20:31:15,130 - INFO - ACCEPTED: Aspect ratio 2.24 >= 2.0
2025-11-27 20:31:15,132 - INFO - Truck 8: ACCEPTED (aspect ratio 2.24) - saved to debug_images/Truck008
2025-11-27 20:31:15,922 - INFO - [ENTRY] Truck 9 crossed entry line at 2025-10-16 15:23:36
2025-11-27 20:31:15,922 - INFO - ACCEPTED: Aspect ratio 2.23 >= 2.0
2025-11-27 20:31:15,924 - INFO - Truck 9: ACCEPTED (aspect ratio 2.23) - saved to debug_images/Truck009
2025-11-27 20:31:17,878 - INFO - [ENTRY] Truck 10 crossed entry line at 2025-10-16 15:23:39
2025-11-27 20:31:17,878 - INFO - ACCEPTED: Aspect ratio 2.35 >= 2.0
2025-11-27 20:31:17,879 - INFO - Truck 10: ACCEPTED (aspect ratio 2.35) - saved to debug_images/Truck010
2025-11-27 20:31:18,826 - INFO - [ENTRY] Truck 11 crossed entry line at 2025-10-16 15:23:47
2025-11-27 20:31:18,826 - INFO - REJECTED: Aspect ratio 1.78 < 2.0 - trailer not visible
2025-11-27 20:31:18,826 - INFO - Truck 11: REJECTED (aspect ratio 1.78 < 2.0)
2025-11-27 20:31:19,193 - INFO - [ENTRY] Truck 12 crossed entry line at 2025-10-16 15:23:50
2025-11-27 20:31:19,193 - INFO - REJECTED: Aspect ratio 1.29 < 2.0 - trailer not visible
2025-11-27 20:31:19,193 - INFO - Truck 12: REJECTED (aspect ratio 1.29 < 2.0)
2025-11-27 20:31:19,316 - INFO - [ENTRY] Truck 13 crossed entry line at 2025-10-16 15:23:50
2025-11-27 20:31:19,316 - INFO - ACCEPTED: Aspect ratio 2.50 >= 2.0
2025-11-27 20:31:19,318 - INFO - Truck 13: ACCEPTED (aspect ratio 2.50) - saved to debug_images/Truck013
2025-11-27 20:31:22,961 - INFO - [ENTRY] Truck 14 crossed entry line at 2025-10-16 15:24:04
2025-11-27 20:31:22,962 - INFO - ACCEPTED: Aspect ratio 2.11 >= 2.0
2025-11-27 20:31:22,963 - INFO - Truck 14: ACCEPTED (aspect ratio 2.11) - saved to debug_images/Truck014
2025-11-27 20:31:23,567 - INFO - [ENTRY] Truck 15 crossed entry line at 2025-10-16 15:24:08
2025-11-27 20:31:23,567 - INFO - ACCEPTED: Aspect ratio 2.54 >= 2.0
2025-11-27 20:31:23,568 - INFO - Truck 15: ACCEPTED (aspect ratio 2.54) - saved to debug_images/Truck015
2025-11-27 20:31:27,131 - INFO - [ENTRY] Truck 16 crossed entry line at 2025-10-16 15:24:23
2025-11-27 20:31:27,131 - INFO - ACCEPTED: Aspect ratio 2.20 >= 2.0
2025-11-27 20:31:27,133 - INFO - Truck 16: ACCEPTED (aspect ratio 2.20) - saved to debug_images/Truck016
2025-11-27 20:31:29,028 - INFO - [ENTRY] Truck 17 crossed entry line at 2025-10-16 15:24:27
2025-11-27 20:31:29,028 - INFO - REJECTED: Aspect ratio 1.81 < 2.0 - trailer not visible
2025-11-27 20:31:29,028 - INFO - Truck 17: REJECTED (aspect ratio 1.81 < 2.0)
2025-11-27 20:31:29,482 - INFO - [ENTRY] Truck 18 crossed entry line at 2025-10-16 15:24:32
2025-11-27 20:31:29,482 - INFO - ACCEPTED: Aspect ratio 2.21 >= 2.0
2025-11-27 20:31:29,484 - INFO - Truck 18: ACCEPTED (aspect ratio 2.21) - saved to debug_images/Truck018
2025-11-27 20:31:30,913 - INFO - [ENTRY] Truck 19 crossed entry line at 2025-10-16 15:24:38
2025-11-27 20:31:30,913 - INFO - ACCEPTED: Aspect ratio 2.40 >= 2.0
2025-11-27 20:31:30,915 - INFO - Truck 19: ACCEPTED (aspect ratio 2.40) - saved to debug_images/Truck019
2025-11-27 20:31:31,505 - INFO - [ENTRY] Truck 20 crossed entry line at 2025-10-16 15:24:41
2025-11-27 20:31:31,505 - INFO - ACCEPTED: Aspect ratio 2.21 >= 2.0
2025-11-27 20:31:31,507 - INFO - Truck 20: ACCEPTED (aspect ratio 2.21) - saved to debug_images/Truck020
2025-11-27 20:31:41,510 - INFO - [ENTRY] Truck 21 crossed entry line at 2025-10-16 15:25:22
2025-11-27 20:31:41,510 - INFO - ACCEPTED: Aspect ratio 2.09 >= 2.0
2025-11-27 20:31:41,512 - INFO - Truck 21: ACCEPTED (aspect ratio 2.09) - saved to debug_images/Truck021
2025-11-27 20:31:43,755 - INFO - [ENTRY] Truck 22 crossed entry line at 2025-10-16 15:25:29
2025-11-27 20:31:43,755 - INFO - REJECTED: Aspect ratio 1.13 < 2.0 - trailer not visible
2025-11-27 20:31:43,755 - INFO - Truck 22: REJECTED (aspect ratio 1.13 < 2.0)
2025-11-27 20:31:45,329 - INFO - [ENTRY] Truck 23 crossed entry line at 2025-10-16 15:25:29
2025-11-27 20:31:45,329 - INFO - ACCEPTED: Aspect ratio 2.32 >= 2.0
2025-11-27 20:31:45,331 - INFO - Truck 23: ACCEPTED (aspect ratio 2.32) - saved to debug_images/Truck023
2025-11-27 20:31:46,594 - INFO - [ENTRY] Truck 24 crossed entry line at 2025-10-16 15:25:43
2025-11-27 20:31:46,594 - INFO - ACCEPTED: Aspect ratio 2.04 >= 2.0
2025-11-27 20:31:46,595 - INFO - Truck 24: ACCEPTED (aspect ratio 2.04) - saved to debug_images/Truck024
2025-11-27 20:31:48,011 - INFO - [ENTRY] Truck 25 crossed entry line at 2025-10-16 15:25:46
2025-11-27 20:31:48,011 - INFO - ACCEPTED: Aspect ratio 2.42 >= 2.0
2025-11-27 20:31:48,013 - INFO - Truck 25: ACCEPTED (aspect ratio 2.42) - saved to debug_images/Truck025
2025-11-27 20:31:49,830 - INFO - [ENTRY] Truck 26 crossed entry line at 2025-10-16 15:25:56
2025-11-27 20:31:49,830 - INFO - ACCEPTED: Aspect ratio 2.29 >= 2.0
2025-11-27 20:31:49,832 - INFO - Truck 26: ACCEPTED (aspect ratio 2.29) - saved to debug_images/Truck026
2025-11-27 20:31:50,598 - INFO - [ENTRY] Truck 27 crossed entry line at 2025-10-16 15:25:59
2025-11-27 20:31:50,600 - INFO - ACCEPTED: Aspect ratio 2.27 >= 2.0
2025-11-27 20:31:50,601 - INFO - Truck 27: ACCEPTED (aspect ratio 2.27) - saved to debug_images/Truck027
2025-11-27 20:31:51,999 - INFO - [ENTRY] Truck 28 crossed entry line at 2025-10-16 15:26:01
2025-11-27 20:31:51,999 - INFO - ACCEPTED: Aspect ratio 2.48 >= 2.0
2025-11-27 20:31:52,000 - INFO - Truck 28: ACCEPTED (aspect ratio 2.48) - saved to debug_images/Truck028
2025-11-27 20:31:53,677 - INFO - [ENTRY] Truck 29 crossed entry line at 2025-10-16 15:26:12
2025-11-27 20:31:53,677 - INFO - REJECTED: Aspect ratio 1.08 < 2.0 - trailer not visible
2025-11-27 20:31:53,677 - INFO - Truck 29: REJECTED (aspect ratio 1.08 < 2.0)
2025-11-27 20:31:54,256 - INFO - [ENTRY] Truck 30 crossed entry line at 2025-10-16 15:26:14
2025-11-27 20:31:54,256 - INFO - ACCEPTED: Aspect ratio 2.44 >= 2.0
2025-11-27 20:31:54,258 - INFO - Truck 30: ACCEPTED (aspect ratio 2.44) - saved to debug_images/Truck030
2025-11-27 20:31:54,792 - INFO - [ENTRY] Truck 31 crossed entry line at 2025-10-16 15:26:16
2025-11-27 20:31:54,792 - INFO - REJECTED: Aspect ratio 1.45 < 2.0 - trailer not visible
2025-11-27 20:31:54,792 - INFO - Truck 31: REJECTED (aspect ratio 1.45 < 2.0)
2025-11-27 20:31:54,980 - INFO - [ENTRY] Truck 32 crossed entry line at 2025-10-16 15:26:17
2025-11-27 20:31:54,980 - INFO - ACCEPTED: Aspect ratio 2.40 >= 2.0
2025-11-27 20:31:54,982 - INFO - Truck 32: ACCEPTED (aspect ratio 2.40) - saved to debug_images/Truck032
2025-11-27 20:31:56,763 - INFO - [ENTRY] Truck 33 crossed entry line at 2025-10-16 15:26:23
2025-11-27 20:31:56,763 - INFO - ACCEPTED: Aspect ratio 2.49 >= 2.0
2025-11-27 20:31:56,765 - INFO - Truck 33: ACCEPTED (aspect ratio 2.49) - saved to debug_images/Truck033
2025-11-27 20:31:57,338 - INFO - [ENTRY] Truck 34 crossed entry line at 2025-10-16 15:26:27
2025-11-27 20:31:57,338 - INFO - ACCEPTED: Aspect ratio 2.26 >= 2.0
2025-11-27 20:31:57,341 - INFO - Truck 34: ACCEPTED (aspect ratio 2.26) - saved to debug_images/Truck034
2025-11-27 20:31:58,016 - INFO - [ENTRY] Truck 35 crossed entry line at 2025-10-16 15:26:29
2025-11-27 20:31:58,016 - INFO - REJECTED: Aspect ratio 1.90 < 2.0 - trailer not visible
2025-11-27 20:31:58,016 - INFO - Truck 35: REJECTED (aspect ratio 1.90 < 2.0)
2025-11-27 20:32:03,202 - INFO - [ENTRY] Truck 36 crossed entry line at 2025-10-16 15:26:51
2025-11-27 20:32:03,202 - INFO - REJECTED: Aspect ratio 1.63 < 2.0 - trailer not visible
2025-11-27 20:32:03,202 - INFO - Truck 36: REJECTED (aspect ratio 1.63 < 2.0)
2025-11-27 20:32:04,873 - INFO - [ENTRY] Truck 37 crossed entry line at 2025-10-16 15:26:58
2025-11-27 20:32:04,873 - INFO - ACCEPTED: Aspect ratio 2.32 >= 2.0
2025-11-27 20:32:04,875 - INFO - Truck 37: ACCEPTED (aspect ratio 2.32) - saved to debug_images/Truck037
2025-11-27 20:32:05,825 - INFO - [ENTRY] Truck 38 crossed entry line at 2025-10-16 15:26:59
2025-11-27 20:32:05,825 - INFO - REJECTED: Aspect ratio 1.55 < 2.0 - trailer not visible
2025-11-27 20:32:05,825 - INFO - Truck 38: REJECTED (aspect ratio 1.55 < 2.0)
2025-11-27 20:32:07,164 - INFO - [ENTRY] Truck 39 crossed entry line at 2025-10-16 15:26:59
2025-11-27 20:32:07,164 - INFO - ACCEPTED: Aspect ratio 2.00 >= 2.0
2025-11-27 20:32:07,166 - INFO - Truck 39: ACCEPTED (aspect ratio 2.00) - saved to debug_images/Truck039
2025-11-27 20:32:08,087 - INFO - [ENTRY] Truck 40 crossed entry line at 2025-10-16 15:27:11
2025-11-27 20:32:08,087 - INFO - ACCEPTED: Aspect ratio 2.27 >= 2.0
2025-11-27 20:32:08,089 - INFO - Truck 40: ACCEPTED (aspect ratio 2.27) - saved to debug_images/Truck040
2025-11-27 20:32:11,300 - INFO - [ENTRY] Truck 41 crossed entry line at 2025-10-16 15:27:24
2025-11-27 20:32:11,300 - INFO - ACCEPTED: Aspect ratio 2.45 >= 2.0
2025-11-27 20:32:11,302 - INFO - Truck 41: ACCEPTED (aspect ratio 2.45) - saved to debug_images/Truck041
2025-11-27 20:32:12,489 - INFO - [ENTRY] Truck 42 crossed entry line at 2025-10-16 15:27:29
2025-11-27 20:32:12,489 - INFO - ACCEPTED: Aspect ratio 2.38 >= 2.0
2025-11-27 20:32:12,490 - INFO - Truck 42: ACCEPTED (aspect ratio 2.38) - saved to debug_images/Truck042
2025-11-27 20:32:14,837 - INFO - [ENTRY] Truck 43 crossed entry line at 2025-10-16 15:27:39
2025-11-27 20:32:14,837 - INFO - REJECTED: Aspect ratio 1.78 < 2.0 - trailer not visible
2025-11-27 20:32:14,837 - INFO - Truck 43: REJECTED (aspect ratio 1.78 < 2.0)
2025-11-27 20:32:17,104 - INFO - [ENTRY] Truck 44 crossed entry line at 2025-10-16 15:27:47
2025-11-27 20:32:17,104 - INFO - ACCEPTED: Aspect ratio 2.40 >= 2.0
2025-11-27 20:32:17,106 - INFO - Truck 44: ACCEPTED (aspect ratio 2.40) - saved to debug_images/Truck044
2025-11-27 20:32:18,520 - INFO - [ENTRY] Truck 45 crossed entry line at 2025-10-16 15:27:54
2025-11-27 20:32:18,520 - INFO - ACCEPTED: Aspect ratio 2.54 >= 2.0
2025-11-27 20:32:18,522 - INFO - Truck 45: ACCEPTED (aspect ratio 2.54) - saved to debug_images/Truck045
2025-11-27 20:32:19,293 - INFO - [ENTRY] Truck 46 crossed entry line at 2025-10-16 15:27:57
2025-11-27 20:32:19,293 - INFO - ACCEPTED: Aspect ratio 2.32 >= 2.0
2025-11-27 20:32:19,295 - INFO - Truck 46: ACCEPTED (aspect ratio 2.32) - saved to debug_images/Truck046
2025-11-27 20:32:19,815 - INFO - [ENTRY] Truck 47 crossed entry line at 2025-10-16 15:27:59
2025-11-27 20:32:19,815 - INFO - ACCEPTED: Aspect ratio 2.35 >= 2.0
2025-11-27 20:32:19,817 - INFO - Truck 47: ACCEPTED (aspect ratio 2.35) - saved to debug_images/Truck047
2025-11-27 20:32:22,088 - INFO - [ENTRY] Truck 48 crossed entry line at 2025-10-16 15:28:08
2025-11-27 20:32:22,088 - INFO - REJECTED: Aspect ratio 1.16 < 2.0 - trailer not visible
2025-11-27 20:32:22,088 - INFO - Truck 48: REJECTED (aspect ratio 1.16 < 2.0)
2025-11-27 20:32:22,890 - INFO - [ENTRY] Truck 49 crossed entry line at 2025-10-16 15:28:12
2025-11-27 20:32:22,890 - INFO - ACCEPTED: Aspect ratio 2.47 >= 2.0
2025-11-27 20:32:22,892 - INFO - Truck 49: ACCEPTED (aspect ratio 2.47) - saved to debug_images/Truck049
2025-11-27 20:32:23,947 - INFO - [ENTRY] Truck 50 crossed entry line at 2025-10-16 15:28:16
2025-11-27 20:32:23,947 - INFO - ACCEPTED: Aspect ratio 2.31 >= 2.0
2025-11-27 20:32:23,949 - INFO - Truck 50: ACCEPTED (aspect ratio 2.31) - saved to debug_images/Truck050
2025-11-27 20:32:24,021 - INFO - [ENTRY] Truck 51 crossed entry line at 2025-10-16 15:28:16
2025-11-27 20:32:24,021 - INFO - ACCEPTED: Aspect ratio 2.37 >= 2.0
2025-11-27 20:32:24,023 - INFO - Truck 51: ACCEPTED (aspect ratio 2.37) - saved to debug_images/Truck051
2025-11-27 20:32:24,485 - INFO - [ENTRY] Truck 52 crossed entry line at 2025-10-16 15:28:18
2025-11-27 20:32:24,485 - INFO - REJECTED: Aspect ratio 1.82 < 2.0 - trailer not visible
2025-11-27 20:32:24,485 - INFO - Truck 52: REJECTED (aspect ratio 1.82 < 2.0)
2025-11-27 20:32:29,263 - INFO - [ENTRY] Truck 53 crossed entry line at 2025-10-16 15:28:38
2025-11-27 20:32:29,264 - INFO - ACCEPTED: Aspect ratio 2.40 >= 2.0
2025-11-27 20:32:29,265 - INFO - Truck 53: ACCEPTED (aspect ratio 2.40) - saved to debug_images/Truck053
2025-11-27 20:32:30,204 - INFO - [ENTRY] Truck 54 crossed entry line at 2025-10-16 15:28:39
2025-11-27 20:32:30,204 - INFO - ACCEPTED: Aspect ratio 2.32 >= 2.0
2025-11-27 20:32:30,206 - INFO - Truck 54: ACCEPTED (aspect ratio 2.32) - saved to debug_images/Truck054
2025-11-27 20:32:31,198 - INFO - [ENTRY] Truck 55 crossed entry line at 2025-10-16 15:28:39
2025-11-27 20:32:31,198 - INFO - ACCEPTED: Aspect ratio 2.28 >= 2.0
2025-11-27 20:32:31,201 - INFO - Truck 55: ACCEPTED (aspect ratio 2.28) - saved to debug_images/Truck055
2025-11-27 20:32:32,795 - INFO - [ENTRY] Truck 56 crossed entry line at 2025-10-16 15:28:52
2025-11-27 20:32:32,795 - INFO - ACCEPTED: Aspect ratio 2.45 >= 2.0
2025-11-27 20:32:32,796 - INFO - Truck 56: ACCEPTED (aspect ratio 2.45) - saved to debug_images/Truck056
2025-11-27 20:32:35,401 - INFO - [ENTRY] Truck 57 crossed entry line at 2025-10-16 15:29:02
2025-11-27 20:32:35,401 - INFO - ACCEPTED: Aspect ratio 2.33 >= 2.0
2025-11-27 20:32:35,402 - INFO - Truck 57: ACCEPTED (aspect ratio 2.33) - saved to debug_images/Truck057
2025-11-27 20:32:38,225 - INFO - [ENTRY] Truck 58 crossed entry line at 2025-10-16 15:29:14
2025-11-27 20:32:38,225 - INFO - ACCEPTED: Aspect ratio 2.49 >= 2.0
2025-11-27 20:32:38,227 - INFO - Truck 58: ACCEPTED (aspect ratio 2.49) - saved to debug_images/Truck058
2025-11-27 20:32:39,000 - INFO - [ENTRY] Truck 59 crossed entry line at 2025-10-16 15:29:16
2025-11-27 20:32:39,000 - INFO - ACCEPTED: Aspect ratio 2.29 >= 2.0
2025-11-27 20:32:39,002 - INFO - Truck 59: ACCEPTED (aspect ratio 2.29) - saved to debug_images/Truck059
2025-11-27 20:32:40,563 - INFO - [ENTRY] Truck 60 crossed entry line at 2025-10-16 15:29:23
2025-11-27 20:32:40,563 - INFO - ACCEPTED: Aspect ratio 2.18 >= 2.0
2025-11-27 20:32:40,565 - INFO - Truck 60: ACCEPTED (aspect ratio 2.18) - saved to debug_images/Truck060
2025-11-27 20:32:42,400 - INFO - [ENTRY] Truck 61 crossed entry line at 2025-10-16 15:29:31
2025-11-27 20:32:42,400 - INFO - ACCEPTED: Aspect ratio 2.43 >= 2.0
2025-11-27 20:32:42,402 - INFO - Truck 61: ACCEPTED (aspect ratio 2.43) - saved to debug_images/Truck061
2025-11-27 20:32:43,388 - INFO - [ENTRY] Truck 62 crossed entry line at 2025-10-16 15:29:35
2025-11-27 20:32:43,389 - INFO - REJECTED: Aspect ratio 1.15 < 2.0 - trailer not visible
2025-11-27 20:32:43,389 - INFO - Truck 62: REJECTED (aspect ratio 1.15 < 2.0)
2025-11-27 20:32:45,440 - INFO - [ENTRY] Truck 63 crossed entry line at 2025-10-16 15:29:39
2025-11-27 20:32:45,440 - INFO - ACCEPTED: Aspect ratio 2.29 >= 2.0
2025-11-27 20:32:45,442 - INFO - Truck 63: ACCEPTED (aspect ratio 2.29) - saved to debug_images/Truck063
2025-11-27 20:32:47,731 - INFO - [ENTRY] Truck 64 crossed entry line at 2025-10-16 15:29:52
2025-11-27 20:32:47,731 - INFO - ACCEPTED: Aspect ratio 2.34 >= 2.0
2025-11-27 20:32:47,732 - INFO - Truck 64: ACCEPTED (aspect ratio 2.34) - saved to debug_images/Truck064
2025-11-27 20:32:48,047 - INFO - [ENTRY] Truck 65 crossed entry line at 2025-10-16 15:29:54
2025-11-27 20:32:48,047 - INFO - REJECTED: Aspect ratio 1.08 < 2.0 - trailer not visible
2025-11-27 20:32:48,047 - INFO - Truck 65: REJECTED (aspect ratio 1.08 < 2.0)
2025-11-27 20:32:49,331 - INFO - [ENTRY] Truck 66 crossed entry line at 2025-10-16 15:29:59
2025-11-27 20:32:49,331 - INFO - ACCEPTED: Aspect ratio 2.35 >= 2.0
2025-11-27 20:32:49,333 - INFO - Truck 66: ACCEPTED (aspect ratio 2.35) - saved to debug_images/Truck066
2025-11-27 20:32:49,801 - INFO - [ENTRY] Truck 67 crossed entry line at 2025-10-16 15:30:00
2025-11-27 20:32:49,801 - INFO - REJECTED: Aspect ratio 1.92 < 2.0 - trailer not visible
2025-11-27 20:32:49,801 - INFO - Truck 67: REJECTED (aspect ratio 1.92 < 2.0)
2025-11-27 20:32:50,078 - INFO - [ENTRY] Truck 68 crossed entry line at 2025-10-16 15:30:00
2025-11-27 20:32:50,078 - INFO - REJECTED: Aspect ratio 1.14 < 2.0 - trailer not visible
2025-11-27 20:32:50,078 - INFO - Truck 68: REJECTED (aspect ratio 1.14 < 2.0)
2025-11-27 20:32:50,636 - INFO - [ENTRY] Truck 69 crossed entry line at 2025-10-16 15:30:04
2025-11-27 20:32:50,637 - INFO - ACCEPTED: Aspect ratio 2.22 >= 2.0
2025-11-27 20:32:50,638 - INFO - Truck 69: ACCEPTED (aspect ratio 2.22) - saved to debug_images/Truck069
2025-11-27 20:32:51,345 - INFO - [ENTRY] Truck 70 crossed entry line at 2025-10-16 15:30:07
2025-11-27 20:32:51,345 - INFO - ACCEPTED: Aspect ratio 2.46 >= 2.0
2025-11-27 20:32:51,346 - INFO - Truck 70: ACCEPTED (aspect ratio 2.46) - saved to debug_images/Truck070
2025-11-27 20:32:52,791 - INFO - [ENTRY] Truck 71 crossed entry line at 2025-10-16 15:30:11
2025-11-27 20:32:52,791 - INFO - REJECTED: Aspect ratio 1.87 < 2.0 - trailer not visible
2025-11-27 20:32:52,791 - INFO - Truck 71: REJECTED (aspect ratio 1.87 < 2.0)
2025-11-27 20:32:53,761 - INFO - [ENTRY] Truck 72 crossed entry line at 2025-10-16 15:30:15
2025-11-27 20:32:53,761 - INFO - ACCEPTED: Aspect ratio 2.23 >= 2.0
2025-11-27 20:32:53,763 - INFO - Truck 72: ACCEPTED (aspect ratio 2.23) - saved to debug_images/Truck072
2025-11-27 20:32:54,706 - INFO - [ENTRY] Truck 73 crossed entry line at 2025-10-16 15:30:21
2025-11-27 20:32:54,706 - INFO - ACCEPTED: Aspect ratio 2.71 >= 2.0
2025-11-27 20:32:54,709 - INFO - Truck 73: ACCEPTED (aspect ratio 2.71) - saved to debug_images/Truck073
2025-11-27 20:32:56,745 - INFO - [ENTRY] Truck 74 crossed entry line at 2025-10-16 15:30:29
2025-11-27 20:32:56,745 - INFO - ACCEPTED: Aspect ratio 2.37 >= 2.0
2025-11-27 20:32:56,746 - INFO - Truck 74: ACCEPTED (aspect ratio 2.37) - saved to debug_images/Truck074
2025-11-27 20:32:57,607 - INFO - [ENTRY] Truck 75 crossed entry line at 2025-10-16 15:30:31
2025-11-27 20:32:57,608 - INFO - ACCEPTED: Aspect ratio 2.25 >= 2.0
2025-11-27 20:32:57,609 - INFO - Truck 75: ACCEPTED (aspect ratio 2.25) - saved to debug_images/Truck075
2025-11-27 20:32:57,918 - INFO - [ENTRY] Truck 76 crossed entry line at 2025-10-16 15:30:31
2025-11-27 20:32:57,918 - INFO - REJECTED: Aspect ratio 1.65 < 2.0 - trailer not visible
2025-11-27 20:32:57,918 - INFO - Truck 76: REJECTED (aspect ratio 1.65 < 2.0)
2025-11-27 20:32:58,620 - INFO - [ENTRY] Truck 77 crossed entry line at 2025-10-16 15:30:31
2025-11-27 20:32:58,620 - INFO - REJECTED: Aspect ratio 1.48 < 2.0 - trailer not visible
2025-11-27 20:32:58,620 - INFO - Truck 77: REJECTED (aspect ratio 1.48 < 2.0)
2025-11-27 20:32:58,653 - INFO - [ENTRY] Truck 78 crossed entry line at 2025-10-16 15:30:31
2025-11-27 20:32:58,653 - INFO - ACCEPTED: Aspect ratio 2.46 >= 2.0
2025-11-27 20:32:58,655 - INFO - Truck 78: ACCEPTED (aspect ratio 2.46) - saved to debug_images/Truck078
2025-11-27 20:33:00,785 - INFO - [ENTRY] Truck 79 crossed entry line at 2025-10-16 15:30:39
2025-11-27 20:33:00,785 - INFO - REJECTED: Aspect ratio 1.65 < 2.0 - trailer not visible
2025-11-27 20:33:00,785 - INFO - Truck 79: REJECTED (aspect ratio 1.65 < 2.0)
2025-11-27 20:33:01,698 - INFO - [ENTRY] Truck 80 crossed entry line at 2025-10-16 15:30:49
2025-11-27 20:33:01,699 - INFO - ACCEPTED: Aspect ratio 2.30 >= 2.0
2025-11-27 20:33:01,700 - INFO - Truck 80: ACCEPTED (aspect ratio 2.30) - saved to debug_images/Truck080
2025-11-27 20:33:02,715 - INFO - [ENTRY] Truck 81 crossed entry line at 2025-10-16 15:30:53
2025-11-27 20:33:02,715 - INFO - ACCEPTED: Aspect ratio 2.33 >= 2.0
2025-11-27 20:33:02,717 - INFO - Truck 81: ACCEPTED (aspect ratio 2.33) - saved to debug_images/Truck081
2025-11-27 20:33:02,979 - INFO - [ENTRY] Truck 82 crossed entry line at 2025-10-16 15:30:54
2025-11-27 20:33:02,980 - INFO - REJECTED: Aspect ratio 1.52 < 2.0 - trailer not visible
2025-11-27 20:33:02,980 - INFO - Truck 82: REJECTED (aspect ratio 1.52 < 2.0)
2025-11-27 20:33:04,286 - INFO - [ENTRY] Truck 83 crossed entry line at 2025-10-16 15:30:59
2025-11-27 20:33:04,286 - INFO - ACCEPTED: Aspect ratio 2.34 >= 2.0
2025-11-27 20:33:04,288 - INFO - Truck 83: ACCEPTED (aspect ratio 2.34) - saved to debug_images/Truck083
2025-11-27 20:33:07,452 - INFO - [ENTRY] Truck 84 crossed entry line at 2025-10-16 15:31:13
2025-11-27 20:33:07,452 - INFO - REJECTED: Aspect ratio 1.22 < 2.0 - trailer not visible
2025-11-27 20:33:07,452 - INFO - Truck 84: REJECTED (aspect ratio 1.22 < 2.0)
2025-11-27 20:33:07,609 - INFO - [ENTRY] Truck 85 crossed entry line at 2025-10-16 15:31:13
2025-11-27 20:33:07,609 - INFO - REJECTED: Aspect ratio 1.38 < 2.0 - trailer not visible
2025-11-27 20:33:07,609 - INFO - Truck 85: REJECTED (aspect ratio 1.38 < 2.0)
2025-11-27 20:33:07,734 - INFO - [ENTRY] Truck 86 crossed entry line at 2025-10-16 15:31:13
2025-11-27 20:33:07,734 - INFO - REJECTED: Aspect ratio 1.70 < 2.0 - trailer not visible
2025-11-27 20:33:07,734 - INFO - Truck 86: REJECTED (aspect ratio 1.70 < 2.0)
2025-11-27 20:33:09,014 - INFO - [ENTRY] Truck 87 crossed entry line at 2025-10-16 15:31:19
2025-11-27 20:33:09,014 - INFO - ACCEPTED: Aspect ratio 2.22 >= 2.0
2025-11-27 20:33:09,016 - INFO - Truck 87: ACCEPTED (aspect ratio 2.22) - saved to debug_images/Truck087
2025-11-27 20:33:11,417 - INFO - [ENTRY] Truck 88 crossed entry line at 2025-10-16 15:31:27
2025-11-27 20:33:11,417 - INFO - REJECTED: Aspect ratio 1.56 < 2.0 - trailer not visible
2025-11-27 20:33:11,417 - INFO - Truck 88: REJECTED (aspect ratio 1.56 < 2.0)
2025-11-27 20:33:11,878 - INFO - [ENTRY] Truck 89 crossed entry line at 2025-10-16 15:31:30
2025-11-27 20:33:11,878 - INFO - REJECTED: Aspect ratio 1.46 < 2.0 - trailer not visible
2025-11-27 20:33:11,878 - INFO - Truck 89: REJECTED (aspect ratio 1.46 < 2.0)
2025-11-27 20:33:13,788 - INFO - [ENTRY] Truck 90 crossed entry line at 2025-10-16 15:31:37
2025-11-27 20:33:13,788 - INFO - REJECTED: Aspect ratio 1.69 < 2.0 - trailer not visible
2025-11-27 20:33:13,788 - INFO - Truck 90: REJECTED (aspect ratio 1.69 < 2.0)
2025-11-27 20:33:14,406 - INFO - [ENTRY] Truck 91 crossed entry line at 2025-10-16 15:31:40
2025-11-27 20:33:14,406 - INFO - ACCEPTED: Aspect ratio 2.30 >= 2.0
2025-11-27 20:33:14,407 - INFO - Truck 91: ACCEPTED (aspect ratio 2.30) - saved to debug_images/Truck091
2025-11-27 20:33:16,037 - INFO - [ENTRY] Truck 92 crossed entry line at 2025-10-16 15:31:48
2025-11-27 20:33:16,037 - INFO - ACCEPTED: Aspect ratio 2.47 >= 2.0
2025-11-27 20:33:16,039 - INFO - Truck 92: ACCEPTED (aspect ratio 2.47) - saved to debug_images/Truck092
2025-11-27 20:33:17,868 - INFO - [ENTRY] Truck 93 crossed entry line at 2025-10-16 15:31:55
2025-11-27 20:33:17,868 - INFO - ACCEPTED: Aspect ratio 2.29 >= 2.0
2025-11-27 20:33:17,870 - INFO - Truck 93: ACCEPTED (aspect ratio 2.29) - saved to debug_images/Truck093
2025-11-27 20:33:18,788 - INFO - [ENTRY] Truck 94 crossed entry line at 2025-10-16 15:31:59
2025-11-27 20:33:18,788 - INFO - REJECTED: Aspect ratio 1.19 < 2.0 - trailer not visible
2025-11-27 20:33:18,788 - INFO - Truck 94: REJECTED (aspect ratio 1.19 < 2.0)
2025-11-27 20:33:19,277 - INFO - [ENTRY] Truck 95 crossed entry line at 2025-10-16 15:32:01
2025-11-27 20:33:19,277 - INFO - ACCEPTED: Aspect ratio 3.41 >= 2.0
2025-11-27 20:33:19,278 - INFO - Truck 95: ACCEPTED (aspect ratio 3.41) - saved to debug_images/Truck095
2025-11-27 20:33:19,772 - INFO - [ENTRY] Truck 96 crossed entry line at 2025-10-16 15:32:03
2025-11-27 20:33:19,772 - INFO - ACCEPTED: Aspect ratio 2.36 >= 2.0
2025-11-27 20:33:19,773 - INFO - Truck 96: ACCEPTED (aspect ratio 2.36) - saved to debug_images/Truck096
2025-11-27 20:33:20,612 - INFO - [ENTRY] Truck 97 crossed entry line at 2025-10-16 15:32:06
2025-11-27 20:33:20,612 - INFO - ACCEPTED: Aspect ratio 2.35 >= 2.0
2025-11-27 20:33:20,614 - INFO - Truck 97: ACCEPTED (aspect ratio 2.35) - saved to debug_images/Truck097
2025-11-27 20:33:21,318 - INFO - [ENTRY] Truck 98 crossed entry line at 2025-10-16 15:32:09
2025-11-27 20:33:21,319 - INFO - REJECTED: Aspect ratio 1.99 < 2.0 - trailer not visible
2025-11-27 20:33:21,319 - INFO - Truck 98: REJECTED (aspect ratio 1.99 < 2.0)
2025-11-27 20:33:21,508 - INFO - [ENTRY] Truck 99 crossed entry line at 2025-10-16 15:32:10
2025-11-27 20:33:21,509 - INFO - ACCEPTED: Aspect ratio 2.40 >= 2.0
2025-11-27 20:33:21,510 - INFO - Truck 99: ACCEPTED (aspect ratio 2.40) - saved to debug_images/Truck099
2025-11-27 20:33:22,339 - INFO - [ENTRY] Truck 100 crossed entry line at 2025-10-16 15:32:13
2025-11-27 20:33:22,339 - INFO - REJECTED: Aspect ratio 1.61 < 2.0 - trailer not visible
2025-11-27 20:33:22,340 - INFO - Truck 100: REJECTED (aspect ratio 1.61 < 2.0)
2025-11-27 20:33:23,743 - INFO - [ENTRY] Truck 101 crossed entry line at 2025-10-16 15:32:15
2025-11-27 20:33:23,743 - INFO - ACCEPTED: Aspect ratio 2.26 >= 2.0
2025-11-27 20:33:23,745 - INFO - Truck 101: ACCEPTED (aspect ratio 2.26) - saved to debug_images/Truck101
2025-11-27 20:33:24,333 - INFO - [ENTRY] Truck 102 crossed entry line at 2025-10-16 15:32:15
2025-11-27 20:33:24,333 - INFO - REJECTED: Aspect ratio 1.12 < 2.0 - trailer not visible
2025-11-27 20:33:24,333 - INFO - Truck 102: REJECTED (aspect ratio 1.12 < 2.0)
2025-11-27 20:33:25,228 - INFO - [ENTRY] Truck 103 crossed entry line at 2025-10-16 15:32:25
2025-11-27 20:33:25,228 - INFO - ACCEPTED: Aspect ratio 2.32 >= 2.0
2025-11-27 20:33:25,230 - INFO - Truck 103: ACCEPTED (aspect ratio 2.32) - saved to debug_images/Truck103
2025-11-27 20:33:25,967 - INFO - [ENTRY] Truck 104 crossed entry line at 2025-10-16 15:32:28
2025-11-27 20:33:25,967 - INFO - ACCEPTED: Aspect ratio 2.04 >= 2.0
2025-11-27 20:33:25,968 - INFO - Truck 104: ACCEPTED (aspect ratio 2.04) - saved to debug_images/Truck104
2025-11-27 20:33:27,578 - INFO - [ENTRY] Truck 105 crossed entry line at 2025-10-16 15:32:35
2025-11-27 20:33:27,578 - INFO - REJECTED: Aspect ratio 1.88 < 2.0 - trailer not visible
2025-11-27 20:33:27,578 - INFO - Truck 105: REJECTED (aspect ratio 1.88 < 2.0)
2025-11-27 20:33:30,331 - INFO - [ENTRY] Truck 106 crossed entry line at 2025-10-16 15:32:46
2025-11-27 20:33:30,331 - INFO - REJECTED: Aspect ratio 1.20 < 2.0 - trailer not visible
2025-11-27 20:33:30,331 - INFO - Truck 106: REJECTED (aspect ratio 1.20 < 2.0)
2025-11-27 20:33:31,120 - INFO - [ENTRY] Truck 107 crossed entry line at 2025-10-16 15:32:49
2025-11-27 20:33:31,120 - INFO - REJECTED: Aspect ratio 1.15 < 2.0 - trailer not visible
2025-11-27 20:33:31,120 - INFO - Truck 107: REJECTED (aspect ratio 1.15 < 2.0)
2025-11-27 20:33:31,610 - INFO - [ENTRY] Truck 108 crossed entry line at 2025-10-16 15:32:51
2025-11-27 20:33:31,610 - INFO - ACCEPTED: Aspect ratio 2.54 >= 2.0
2025-11-27 20:33:31,612 - INFO - Truck 108: ACCEPTED (aspect ratio 2.54) - saved to debug_images/Truck108
2025-11-27 20:33:33,198 - INFO - [ENTRY] Truck 109 crossed entry line at 2025-10-16 15:32:58
2025-11-27 20:33:33,198 - INFO - ACCEPTED: Aspect ratio 2.36 >= 2.0
2025-11-27 20:33:33,200 - INFO - Truck 109: ACCEPTED (aspect ratio 2.36) - saved to debug_images/Truck109
2025-11-27 20:33:34,914 - INFO - [ENTRY] Truck 110 crossed entry line at 2025-10-16 15:33:01
2025-11-27 20:33:34,914 - INFO - ACCEPTED: Aspect ratio 2.48 >= 2.0
2025-11-27 20:33:34,916 - INFO - Truck 110: ACCEPTED (aspect ratio 2.48) - saved to debug_images/Truck110
2025-11-27 20:33:35,475 - INFO - [ENTRY] Truck 111 crossed entry line at 2025-10-16 15:33:07
2025-11-27 20:33:35,475 - INFO - REJECTED: Aspect ratio 1.61 < 2.0 - trailer not visible
2025-11-27 20:33:35,475 - INFO - Truck 111: REJECTED (aspect ratio 1.61 < 2.0)
2025-11-27 20:33:36,035 - INFO - [ENTRY] Truck 112 crossed entry line at 2025-10-16 15:33:08
2025-11-27 20:33:36,035 - INFO - ACCEPTED: Aspect ratio 2.67 >= 2.0
2025-11-27 20:33:36,037 - INFO - Truck 112: ACCEPTED (aspect ratio 2.67) - saved to debug_images/Truck112
2025-11-27 20:33:39,727 - INFO - [ENTRY] Truck 113 crossed entry line at 2025-10-16 15:33:23
2025-11-27 20:33:39,728 - INFO - ACCEPTED: Aspect ratio 2.48 >= 2.0
2025-11-27 20:33:39,730 - INFO - Truck 113: ACCEPTED (aspect ratio 2.48) - saved to debug_images/Truck113
2025-11-27 20:33:41,552 - INFO - [ENTRY] Truck 114 crossed entry line at 2025-10-16 15:33:32
2025-11-27 20:33:41,552 - INFO - REJECTED: Aspect ratio 1.48 < 2.0 - trailer not visible
2025-11-27 20:33:41,552 - INFO - Truck 114: REJECTED (aspect ratio 1.48 < 2.0)
2025-11-27 20:33:42,352 - INFO - [ENTRY] Truck 115 crossed entry line at 2025-10-16 15:33:35
2025-11-27 20:33:42,352 - INFO - ACCEPTED: Aspect ratio 2.33 >= 2.0
2025-11-27 20:33:42,354 - INFO - Truck 115: ACCEPTED (aspect ratio 2.33) - saved to debug_images/Truck115
2025-11-27 20:33:43,367 - INFO - [ENTRY] Truck 116 crossed entry line at 2025-10-16 15:33:38
2025-11-27 20:33:43,367 - INFO - REJECTED: Aspect ratio 1.54 < 2.0 - trailer not visible
2025-11-27 20:33:43,367 - INFO - Truck 116: REJECTED (aspect ratio 1.54 < 2.0)
2025-11-27 20:33:43,945 - INFO - [ENTRY] Truck 117 crossed entry line at 2025-10-16 15:33:38
2025-11-27 20:33:43,945 - INFO - ACCEPTED: Aspect ratio 2.13 >= 2.0
2025-11-27 20:33:43,947 - INFO - Truck 117: ACCEPTED (aspect ratio 2.13) - saved to debug_images/Truck117
2025-11-27 20:33:45,814 - INFO - [ENTRY] Truck 118 crossed entry line at 2025-10-16 15:33:38
2025-11-27 20:33:45,814 - INFO - ACCEPTED: Aspect ratio 2.61 >= 2.0
2025-11-27 20:33:45,816 - INFO - Truck 118: ACCEPTED (aspect ratio 2.61) - saved to debug_images/Truck118
2025-11-27 20:33:46,423 - INFO - [ENTRY] Truck 119 crossed entry line at 2025-10-16 15:33:51
2025-11-27 20:33:46,423 - INFO - ACCEPTED: Aspect ratio 2.35 >= 2.0
2025-11-27 20:33:46,425 - INFO - Truck 119: ACCEPTED (aspect ratio 2.35) - saved to debug_images/Truck119
2025-11-27 20:33:47,850 - INFO - [ENTRY] Truck 120 crossed entry line at 2025-10-16 15:33:57
2025-11-27 20:33:47,850 - INFO - ACCEPTED: Aspect ratio 2.45 >= 2.0
2025-11-27 20:33:47,852 - INFO - Truck 120: ACCEPTED (aspect ratio 2.45) - saved to debug_images/Truck120
2025-11-27 20:33:49,027 - INFO - [ENTRY] Truck 121 crossed entry line at 2025-10-16 15:34:02
2025-11-27 20:33:49,027 - INFO - ACCEPTED: Aspect ratio 2.53 >= 2.0
2025-11-27 20:33:49,029 - INFO - Truck 121: ACCEPTED (aspect ratio 2.53) - saved to debug_images/Truck121
2025-11-27 20:33:50,319 - INFO - [ENTRY] Truck 122 crossed entry line at 2025-10-16 15:34:07
2025-11-27 20:33:50,319 - INFO - REJECTED: Aspect ratio 1.13 < 2.0 - trailer not visible
2025-11-27 20:33:50,319 - INFO - Truck 122: REJECTED (aspect ratio 1.13 < 2.0)
2025-11-27 20:33:51,051 - INFO - [ENTRY] Truck 123 crossed entry line at 2025-10-16 15:34:10
2025-11-27 20:33:51,051 - INFO - REJECTED: Aspect ratio 1.77 < 2.0 - trailer not visible
2025-11-27 20:33:51,051 - INFO - Truck 123: REJECTED (aspect ratio 1.77 < 2.0)
2025-11-27 20:33:53,734 - INFO - [ENTRY] Truck 124 crossed entry line at 2025-10-16 15:34:21
2025-11-27 20:33:53,734 - INFO - REJECTED: Aspect ratio 1.66 < 2.0 - trailer not visible
2025-11-27 20:33:53,734 - INFO - Truck 124: REJECTED (aspect ratio 1.66 < 2.0)
2025-11-27 20:33:53,734 - INFO - [ENTRY] Truck 125 crossed entry line at 2025-10-16 15:34:21
2025-11-27 20:33:53,734 - INFO - REJECTED: Aspect ratio 1.68 < 2.0 - trailer not visible
2025-11-27 20:33:53,734 - INFO - Truck 125: REJECTED (aspect ratio 1.68 < 2.0)
2025-11-27 20:33:58,335 - INFO - [ENTRY] Truck 126 crossed entry line at 2025-10-16 15:34:40
2025-11-27 20:33:58,335 - INFO - ACCEPTED: Aspect ratio 2.45 >= 2.0
2025-11-27 20:33:58,337 - INFO - Truck 126: ACCEPTED (aspect ratio 2.45) - saved to debug_images/Truck126
2025-11-27 20:33:58,980 - INFO - [ENTRY] Truck 127 crossed entry line at 2025-10-16 15:34:43
2025-11-27 20:33:58,980 - INFO - ACCEPTED: Aspect ratio 2.49 >= 2.0
2025-11-27 20:33:58,982 - INFO - Truck 127: ACCEPTED (aspect ratio 2.49) - saved to debug_images/Truck127
2025-11-27 20:33:59,851 - INFO - [ENTRY] Truck 128 crossed entry line at 2025-10-16 15:34:46
2025-11-27 20:33:59,851 - INFO - REJECTED: Aspect ratio 1.84 < 2.0 - trailer not visible
2025-11-27 20:33:59,852 - INFO - Truck 128: REJECTED (aspect ratio 1.84 < 2.0)
2025-11-27 20:34:01,973 - INFO - [ENTRY] Truck 129 crossed entry line at 2025-10-16 15:34:55
2025-11-27 20:34:01,973 - INFO - ACCEPTED: Aspect ratio 2.28 >= 2.0
2025-11-27 20:34:01,975 - INFO - Truck 129: ACCEPTED (aspect ratio 2.28) - saved to debug_images/Truck129
2025-11-27 20:34:02,698 - INFO - [ENTRY] Truck 130 crossed entry line at 2025-10-16 15:34:58
2025-11-27 20:34:02,698 - INFO - ACCEPTED: Aspect ratio 2.57 >= 2.0
2025-11-27 20:34:02,701 - INFO - Truck 130: ACCEPTED (aspect ratio 2.57) - saved to debug_images/Truck130
2025-11-27 20:34:03,638 - INFO - [ENTRY] Truck 131 crossed entry line at 2025-10-16 15:35:00
2025-11-27 20:34:03,638 - INFO - REJECTED: Aspect ratio 1.18 < 2.0 - trailer not visible
2025-11-27 20:34:03,638 - INFO - Truck 131: REJECTED (aspect ratio 1.18 < 2.0)
2025-11-27 20:34:03,703 - INFO - [ENTRY] Truck 132 crossed entry line at 2025-10-16 15:35:00
2025-11-27 20:34:03,703 - INFO - ACCEPTED: Aspect ratio 2.31 >= 2.0
2025-11-27 20:34:03,705 - INFO - Truck 132: ACCEPTED (aspect ratio 2.31) - saved to debug_images/Truck132
2025-11-27 20:34:04,527 - INFO - [ENTRY] Truck 133 crossed entry line at 2025-10-16 15:35:03
2025-11-27 20:34:04,528 - INFO - ACCEPTED: Aspect ratio 2.41 >= 2.0
2025-11-27 20:34:04,530 - INFO - Truck 133: ACCEPTED (aspect ratio 2.41) - saved to debug_images/Truck133
2025-11-27 20:34:06,654 - INFO - [ENTRY] Truck 134 crossed entry line at 2025-10-16 15:35:14
2025-11-27 20:34:06,654 - INFO - ACCEPTED: Aspect ratio 2.40 >= 2.0
2025-11-27 20:34:06,656 - INFO - Truck 134: ACCEPTED (aspect ratio 2.40) - saved to debug_images/Truck134
2025-11-27 20:34:08,832 - INFO - [ENTRY] Truck 135 crossed entry line at 2025-10-16 15:35:22
2025-11-27 20:34:08,832 - INFO - ACCEPTED: Aspect ratio 2.31 >= 2.0
2025-11-27 20:34:08,834 - INFO - Truck 135: ACCEPTED (aspect ratio 2.31) - saved to debug_images/Truck135
2025-11-27 20:34:13,997 - INFO - [ENTRY] Truck 136 crossed entry line at 2025-10-16 15:35:39
2025-11-27 20:34:13,997 - INFO - REJECTED: Aspect ratio 1.72 < 2.0 - trailer not visible
2025-11-27 20:34:13,997 - INFO - Truck 136: REJECTED (aspect ratio 1.72 < 2.0)
2025-11-27 20:34:14,635 - INFO - [ENTRY] Truck 137 crossed entry line at 2025-10-16 15:35:47
2025-11-27 20:34:14,635 - INFO - ACCEPTED: Aspect ratio 2.37 >= 2.0
2025-11-27 20:34:14,637 - INFO - Truck 137: ACCEPTED (aspect ratio 2.37) - saved to debug_images/Truck137
2025-11-27 20:34:15,929 - INFO - [ENTRY] Truck 138 crossed entry line at 2025-10-16 15:35:52
2025-11-27 20:34:15,929 - INFO - ACCEPTED: Aspect ratio 2.46 >= 2.0
2025-11-27 20:34:15,931 - INFO - Truck 138: ACCEPTED (aspect ratio 2.46) - saved to debug_images/Truck138
2025-11-27 20:34:17,029 - INFO - [ENTRY] Truck 139 crossed entry line at 2025-10-16 15:35:55
2025-11-27 20:34:17,029 - INFO - ACCEPTED: Aspect ratio 2.27 >= 2.0
2025-11-27 20:34:17,031 - INFO - Truck 139: ACCEPTED (aspect ratio 2.27) - saved to debug_images/Truck139
2025-11-27 20:34:20,368 - INFO - [ENTRY] Truck 140 crossed entry line at 2025-10-16 15:36:10
2025-11-27 20:34:20,368 - INFO - ACCEPTED: Aspect ratio 2.43 >= 2.0
2025-11-27 20:34:20,370 - INFO - Truck 140: ACCEPTED (aspect ratio 2.43) - saved to debug_images/Truck140
2025-11-27 20:34:21,434 - INFO - [ENTRY] Truck 141 crossed entry line at 2025-10-16 15:36:15
2025-11-27 20:34:21,435 - INFO - ACCEPTED: Aspect ratio 2.26 >= 2.0
2025-11-27 20:34:21,436 - INFO - Truck 141: ACCEPTED (aspect ratio 2.26) - saved to debug_images/Truck141
2025-11-27 20:34:22,439 - INFO - [ENTRY] Truck 142 crossed entry line at 2025-10-16 15:36:19
2025-11-27 20:34:22,439 - INFO - ACCEPTED: Aspect ratio 2.45 >= 2.0
2025-11-27 20:34:22,440 - INFO - Truck 142: ACCEPTED (aspect ratio 2.45) - saved to debug_images/Truck142
2025-11-27 20:34:23,687 - INFO - [ENTRY] Truck 143 crossed entry line at 2025-10-16 15:36:23
2025-11-27 20:34:23,687 - INFO - ACCEPTED: Aspect ratio 2.35 >= 2.0
2025-11-27 20:34:23,689 - INFO - Truck 143: ACCEPTED (aspect ratio 2.35) - saved to debug_images/Truck143
2025-11-27 20:34:24,909 - INFO - [ENTRY] Truck 144 crossed entry line at 2025-10-16 15:36:29
2025-11-27 20:34:24,909 - INFO - ACCEPTED: Aspect ratio 2.00 >= 2.0
2025-11-27 20:34:24,910 - INFO - Truck 144: ACCEPTED (aspect ratio 2.00) - saved to debug_images/Truck144
2025-11-27 20:34:26,313 - INFO - [ENTRY] Truck 145 crossed entry line at 2025-10-16 15:36:35
2025-11-27 20:34:26,313 - INFO - ACCEPTED: Aspect ratio 2.41 >= 2.0
2025-11-27 20:34:26,315 - INFO - Truck 145: ACCEPTED (aspect ratio 2.41) - saved to debug_images/Truck145
2025-11-27 20:34:27,871 - INFO - [ENTRY] Truck 146 crossed entry line at 2025-10-16 15:36:39
2025-11-27 20:34:27,871 - INFO - ACCEPTED: Aspect ratio 2.23 >= 2.0
2025-11-27 20:34:27,873 - INFO - Truck 146: ACCEPTED (aspect ratio 2.23) - saved to debug_images/Truck146
2025-11-27 20:34:29,577 - INFO - [ENTRY] Truck 147 crossed entry line at 2025-10-16 15:36:39
2025-11-27 20:34:29,577 - INFO - REJECTED: Aspect ratio 1.94 < 2.0 - trailer not visible
2025-11-27 20:34:29,577 - INFO - Truck 147: REJECTED (aspect ratio 1.94 < 2.0)
2025-11-27 20:34:30,042 - INFO - [ENTRY] Truck 148 crossed entry line at 2025-10-16 15:36:39
2025-11-27 20:34:30,043 - INFO - ACCEPTED: Aspect ratio 2.23 >= 2.0
2025-11-27 20:34:30,044 - INFO - Truck 148: ACCEPTED (aspect ratio 2.23) - saved to debug_images/Truck148
2025-11-27 20:34:32,804 - INFO - [ENTRY] Truck 149 crossed entry line at 2025-10-16 15:36:59
2025-11-27 20:34:32,804 - INFO - REJECTED: Aspect ratio 1.76 < 2.0 - trailer not visible
2025-11-27 20:34:32,805 - INFO - Truck 149: REJECTED (aspect ratio 1.76 < 2.0)
2025-11-27 20:34:33,567 - INFO - [ENTRY] Truck 150 crossed entry line at 2025-10-16 15:37:04
2025-11-27 20:34:33,567 - INFO - ACCEPTED: Aspect ratio 2.43 >= 2.0
2025-11-27 20:34:33,569 - INFO - Truck 150: ACCEPTED (aspect ratio 2.43) - saved to debug_images/Truck150
2025-11-27 20:34:34,306 - INFO - [ENTRY] Truck 151 crossed entry line at 2025-10-16 15:37:07
2025-11-27 20:34:34,306 - INFO - REJECTED: Aspect ratio 1.61 < 2.0 - trailer not visible
2025-11-27 20:34:34,306 - INFO - Truck 151: REJECTED (aspect ratio 1.61 < 2.0)
2025-11-27 20:34:36,072 - INFO - [ENTRY] Truck 152 crossed entry line at 2025-10-16 15:37:15
2025-11-27 20:34:36,072 - INFO - ACCEPTED: Aspect ratio 2.64 >= 2.0
2025-11-27 20:34:36,074 - INFO - Truck 152: ACCEPTED (aspect ratio 2.64) - saved to debug_images/Truck152
2025-11-27 20:34:37,694 - INFO - [ENTRY] Truck 153 crossed entry line at 2025-10-16 15:37:21
2025-11-27 20:34:37,694 - INFO - ACCEPTED: Aspect ratio 2.41 >= 2.0
2025-11-27 20:34:37,696 - INFO - Truck 153: ACCEPTED (aspect ratio 2.41) - saved to debug_images/Truck153
2025-11-27 20:34:38,853 - INFO - [ENTRY] Truck 154 crossed entry line at 2025-10-16 15:37:26
2025-11-27 20:34:38,853 - INFO - REJECTED: Aspect ratio 1.16 < 2.0 - trailer not visible
2025-11-27 20:34:38,854 - INFO - Truck 154: REJECTED (aspect ratio 1.16 < 2.0)
2025-11-27 20:34:40,719 - INFO - [ENTRY] Truck 155 crossed entry line at 2025-10-16 15:37:34
2025-11-27 20:34:40,719 - INFO - REJECTED: Aspect ratio 1.11 < 2.0 - trailer not visible
2025-11-27 20:34:40,719 - INFO - Truck 155: REJECTED (aspect ratio 1.11 < 2.0)
2025-11-27 20:34:41,060 - INFO - [ENTRY] Truck 156 crossed entry line at 2025-10-16 15:37:35
2025-11-27 20:34:41,060 - INFO - ACCEPTED: Aspect ratio 2.22 >= 2.0
2025-11-27 20:34:41,062 - INFO - Truck 156: ACCEPTED (aspect ratio 2.22) - saved to debug_images/Truck156
2025-11-27 20:34:43,548 - INFO - [ENTRY] Truck 157 crossed entry line at 2025-10-16 15:37:42
2025-11-27 20:34:43,550 - INFO - ACCEPTED: Aspect ratio 2.28 >= 2.0
2025-11-27 20:34:43,551 - INFO - Truck 157: ACCEPTED (aspect ratio 2.28) - saved to debug_images/Truck157
2025-11-27 20:34:44,535 - INFO - [ENTRY] Truck 158 crossed entry line at 2025-10-16 15:37:49
2025-11-27 20:34:44,536 - INFO - ACCEPTED: Aspect ratio 2.50 >= 2.0
2025-11-27 20:34:44,537 - INFO - Truck 158: ACCEPTED (aspect ratio 2.50) - saved to debug_images/Truck158
2025-11-27 20:34:45,380 - INFO - [ENTRY] Truck 159 crossed entry line at 2025-10-16 15:37:52
2025-11-27 20:34:45,380 - INFO - REJECTED: Aspect ratio 1.07 < 2.0 - trailer not visible
2025-11-27 20:34:45,380 - INFO - Truck 159: REJECTED (aspect ratio 1.07 < 2.0)
2025-11-27 20:34:45,413 - INFO - [ENTRY] Truck 160 crossed entry line at 2025-10-16 15:37:52
2025-11-27 20:34:45,413 - INFO - REJECTED: Aspect ratio 1.31 < 2.0 - trailer not visible
2025-11-27 20:34:45,414 - INFO - Truck 160: REJECTED (aspect ratio 1.31 < 2.0)
2025-11-27 20:34:52,685 - INFO - [ENTRY] Truck 161 crossed entry line at 2025-10-16 15:38:19
2025-11-27 20:34:52,686 - INFO - ACCEPTED: Aspect ratio 2.45 >= 2.0
2025-11-27 20:34:52,688 - INFO - Truck 161: ACCEPTED (aspect ratio 2.45) - saved to debug_images/Truck161
2025-11-27 20:34:58,673 - INFO - [ENTRY] Truck 162 crossed entry line at 2025-10-16 15:38:39
2025-11-27 20:34:58,673 - INFO - REJECTED: Aspect ratio 1.13 < 2.0 - trailer not visible
2025-11-27 20:34:58,673 - INFO - Truck 162: REJECTED (aspect ratio 1.13 < 2.0)
2025-11-27 20:35:00,705 - INFO - [ENTRY] Truck 163 crossed entry line at 2025-10-16 15:38:55
2025-11-27 20:35:00,705 - INFO - REJECTED: Aspect ratio 1.24 < 2.0 - trailer not visible
2025-11-27 20:35:00,705 - INFO - Truck 163: REJECTED (aspect ratio 1.24 < 2.0)
2025-11-27 20:35:00,737 - INFO - [ENTRY] Truck 164 crossed entry line at 2025-10-16 15:38:55
2025-11-27 20:35:00,737 - INFO - REJECTED: Aspect ratio 1.11 < 2.0 - trailer not visible
2025-11-27 20:35:00,738 - INFO - Truck 164: REJECTED (aspect ratio 1.11 < 2.0)
2025-11-27 20:35:06,393 - INFO - [ENTRY] Truck 165 crossed entry line at 2025-10-16 15:39:16
2025-11-27 20:35:06,393 - INFO - REJECTED: Aspect ratio 1.27 < 2.0 - trailer not visible
2025-11-27 20:35:06,393 - INFO - Truck 165: REJECTED (aspect ratio 1.27 < 2.0)
2025-11-27 20:35:07,369 - INFO - [ENTRY] Truck 166 crossed entry line at 2025-10-16 15:39:22
2025-11-27 20:35:07,369 - INFO - ACCEPTED: Aspect ratio 2.43 >= 2.0
2025-11-27 20:35:07,371 - INFO - Truck 166: ACCEPTED (aspect ratio 2.43) - saved to debug_images/Truck166
2025-11-27 20:35:08,944 - INFO - [ENTRY] Truck 167 crossed entry line at 2025-10-16 15:39:27
2025-11-27 20:35:08,944 - INFO - ACCEPTED: Aspect ratio 2.32 >= 2.0
2025-11-27 20:35:08,946 - INFO - Truck 167: ACCEPTED (aspect ratio 2.32) - saved to debug_images/Truck167
2025-11-27 20:35:09,497 - INFO - [ENTRY] Truck 168 crossed entry line at 2025-10-16 15:39:27
2025-11-27 20:35:09,497 - INFO - REJECTED: Aspect ratio 1.14 < 2.0 - trailer not visible
2025-11-27 20:35:09,498 - INFO - Truck 168: REJECTED (aspect ratio 1.14 < 2.0)
2025-11-27 20:35:11,915 - INFO - [ENTRY] Truck 169 crossed entry line at 2025-10-16 15:39:38
2025-11-27 20:35:11,915 - INFO - ACCEPTED: Aspect ratio 2.42 >= 2.0
2025-11-27 20:35:11,917 - INFO - Truck 169: ACCEPTED (aspect ratio 2.42) - saved to debug_images/Truck169
2025-11-27 20:36:29,986 - INFO - [ENTRY] Truck 170 crossed entry line at 2025-10-16 15:44:07
2025-11-27 20:36:29,986 - INFO - ACCEPTED: Aspect ratio 2.41 >= 2.0
2025-11-27 20:36:29,988 - INFO - Truck 170: ACCEPTED (aspect ratio 2.41) - saved to debug_images/Truck170
2025-11-27 20:36:31,010 - INFO - [ENTRY] Truck 171 crossed entry line at 2025-10-16 15:44:07
2025-11-27 20:36:31,010 - INFO - ACCEPTED: Aspect ratio 2.46 >= 2.0
2025-11-27 20:36:31,011 - INFO - Truck 171: ACCEPTED (aspect ratio 2.46) - saved to debug_images/Truck171
2025-11-27 20:36:33,630 - INFO - [ENTRY] Truck 172 crossed entry line at 2025-10-16 15:45:04
2025-11-27 20:36:33,630 - INFO - REJECTED: Aspect ratio 1.09 < 2.0 - trailer not visible
2025-11-27 20:36:33,630 - INFO - Truck 172: REJECTED (aspect ratio 1.09 < 2.0)
2025-11-27 20:36:35,293 - INFO - [ENTRY] Truck 173 crossed entry line at 2025-10-16 15:45:11
2025-11-27 20:36:35,293 - INFO - ACCEPTED: Aspect ratio 2.26 >= 2.0
2025-11-27 20:36:35,295 - INFO - Truck 173: ACCEPTED (aspect ratio 2.26) - saved to debug_images/Truck173
2025-11-27 20:36:37,593 - INFO - [ENTRY] Truck 174 crossed entry line at 2025-10-16 15:45:11
2025-11-27 20:36:37,594 - INFO - ACCEPTED: Aspect ratio 2.46 >= 2.0
2025-11-27 20:36:37,595 - INFO - Truck 174: ACCEPTED (aspect ratio 2.46) - saved to debug_images/Truck174
2025-11-27 20:36:39,592 - INFO - [ENTRY] Truck 175 crossed entry line at 2025-10-16 15:45:27
2025-11-27 20:36:39,592 - INFO - REJECTED: Aspect ratio 1.92 < 2.0 - trailer not visible
2025-11-27 20:36:39,592 - INFO - Truck 175: REJECTED (aspect ratio 1.92 < 2.0)
2025-11-27 20:36:39,814 - INFO - [ENTRY] Truck 176 crossed entry line at 2025-10-16 15:45:27
2025-11-27 20:36:39,815 - INFO - ACCEPTED: Aspect ratio 2.56 >= 2.0
2025-11-27 20:36:39,816 - INFO - Truck 176: ACCEPTED (aspect ratio 2.56) - saved to debug_images/Truck176
2025-11-27 20:36:41,508 - INFO - [ENTRY] Truck 177 crossed entry line at 2025-10-16 15:45:35
2025-11-27 20:36:41,508 - INFO - ACCEPTED: Aspect ratio 2.11 >= 2.0
2025-11-27 20:36:41,510 - INFO - Truck 177: ACCEPTED (aspect ratio 2.11) - saved to debug_images/Truck177
2025-11-27 20:36:41,912 - INFO - [ENTRY] Truck 178 crossed entry line at 2025-10-16 15:45:35
2025-11-27 20:36:41,912 - INFO - ACCEPTED: Aspect ratio 2.43 >= 2.0
2025-11-27 20:36:41,913 - INFO - Truck 178: ACCEPTED (aspect ratio 2.43) - saved to debug_images/Truck178
2025-11-27 20:36:43,989 - INFO - [ENTRY] Truck 179 crossed entry line at 2025-10-16 15:45:46
2025-11-27 20:36:43,990 - INFO - ACCEPTED: Aspect ratio 2.31 >= 2.0
2025-11-27 20:36:43,991 - INFO - Truck 179: ACCEPTED (aspect ratio 2.31) - saved to debug_images/Truck179
2025-11-27 20:36:44,454 - INFO - [ENTRY] Truck 180 crossed entry line at 2025-10-16 15:45:47
2025-11-27 20:36:44,454 - INFO - ACCEPTED: Aspect ratio 2.11 >= 2.0
2025-11-27 20:36:44,456 - INFO - Truck 180: ACCEPTED (aspect ratio 2.11) - saved to debug_images/Truck180
2025-11-27 20:36:46,772 - INFO - [ENTRY] Truck 181 crossed entry line at 2025-10-16 15:45:57
2025-11-27 20:36:46,772 - INFO - ACCEPTED: Aspect ratio 2.44 >= 2.0
2025-11-27 20:36:46,773 - INFO - Truck 181: ACCEPTED (aspect ratio 2.44) - saved to debug_images/Truck181
2025-11-27 20:36:48,762 - INFO - [ENTRY] Truck 182 crossed entry line at 2025-10-16 15:45:57
2025-11-27 20:36:48,763 - INFO - REJECTED: Aspect ratio 1.68 < 2.0 - trailer not visible
2025-11-27 20:36:48,763 - INFO - Truck 182: REJECTED (aspect ratio 1.68 < 2.0)
2025-11-27 20:36:49,586 - INFO - [ENTRY] Truck 183 crossed entry line at 2025-10-16 15:46:07
2025-11-27 20:36:49,586 - INFO - ACCEPTED: Aspect ratio 2.40 >= 2.0
2025-11-27 20:36:49,588 - INFO - Truck 183: ACCEPTED (aspect ratio 2.40) - saved to debug_images/Truck183
2025-11-27 20:36:51,319 - INFO - [ENTRY] Truck 184 crossed entry line at 2025-10-16 15:46:15
2025-11-27 20:36:51,319 - INFO - REJECTED: Aspect ratio 1.41 < 2.0 - trailer not visible
2025-11-27 20:36:51,319 - INFO - Truck 184: REJECTED (aspect ratio 1.41 < 2.0)
2025-11-27 20:36:53,496 - INFO - [ENTRY] Truck 185 crossed entry line at 2025-10-16 15:46:24
2025-11-27 20:36:53,496 - INFO - ACCEPTED: Aspect ratio 3.02 >= 2.0
2025-11-27 20:36:53,498 - INFO - Truck 185: ACCEPTED (aspect ratio 3.02) - saved to debug_images/Truck185
2025-11-27 20:36:55,396 - INFO - [ENTRY] Truck 186 crossed entry line at 2025-10-16 15:46:32
2025-11-27 20:36:55,396 - INFO - REJECTED: Aspect ratio 1.16 < 2.0 - trailer not visible
2025-11-27 20:36:55,396 - INFO - Truck 186: REJECTED (aspect ratio 1.16 < 2.0)
2025-11-27 20:36:57,784 - INFO - [ENTRY] Truck 187 crossed entry line at 2025-10-16 15:46:39
2025-11-27 20:36:57,784 - INFO - ACCEPTED: Aspect ratio 2.25 >= 2.0
2025-11-27 20:36:57,785 - INFO - Truck 187: ACCEPTED (aspect ratio 2.25) - saved to debug_images/Truck187
2025-11-27 20:36:57,883 - INFO - [ENTRY] Truck 188 crossed entry line at 2025-10-16 15:46:39
2025-11-27 20:36:57,883 - INFO - ACCEPTED: Aspect ratio 2.33 >= 2.0
2025-11-27 20:36:57,885 - INFO - Truck 188: ACCEPTED (aspect ratio 2.33) - saved to debug_images/Truck188
2025-11-27 20:36:58,801 - INFO - [ENTRY] Truck 189 crossed entry line at 2025-10-16 15:46:39
2025-11-27 20:36:58,801 - INFO - REJECTED: Aspect ratio 1.21 < 2.0 - trailer not visible
2025-11-27 20:36:58,801 - INFO - Truck 189: REJECTED (aspect ratio 1.21 < 2.0)
2025-11-27 20:36:59,831 - INFO - [ENTRY] Truck 190 crossed entry line at 2025-10-16 15:46:49
2025-11-27 20:36:59,831 - INFO - ACCEPTED: Aspect ratio 2.41 >= 2.0
2025-11-27 20:36:59,833 - INFO - Truck 190: ACCEPTED (aspect ratio 2.41) - saved to debug_images/Truck190
2025-11-27 20:37:00,631 - INFO - [ENTRY] Truck 191 crossed entry line at 2025-10-16 15:46:54
2025-11-27 20:37:00,631 - INFO - ACCEPTED: Aspect ratio 2.72 >= 2.0
2025-11-27 20:37:00,633 - INFO - Truck 191: ACCEPTED (aspect ratio 2.72) - saved to debug_images/Truck191
2025-11-27 20:37:01,879 - INFO - [ENTRY] Truck 192 crossed entry line at 2025-10-16 15:46:55
2025-11-27 20:37:01,879 - INFO - REJECTED: Aspect ratio 1.16 < 2.0 - trailer not visible
2025-11-27 20:37:01,880 - INFO - Truck 192: REJECTED (aspect ratio 1.16 < 2.0)
2025-11-27 20:37:02,132 - INFO - [ENTRY] Truck 193 crossed entry line at 2025-10-16 15:46:55
2025-11-27 20:37:02,132 - INFO - REJECTED: Aspect ratio 1.70 < 2.0 - trailer not visible
2025-11-27 20:37:02,132 - INFO - Truck 193: REJECTED (aspect ratio 1.70 < 2.0)
2025-11-27 20:37:02,165 - INFO - [ENTRY] Truck 194 crossed entry line at 2025-10-16 15:46:55
2025-11-27 20:37:02,165 - INFO - REJECTED: Aspect ratio 1.19 < 2.0 - trailer not visible
2025-11-27 20:37:02,165 - INFO - Truck 194: REJECTED (aspect ratio 1.19 < 2.0)
2025-11-27 20:37:02,260 - INFO - [ENTRY] Truck 195 crossed entry line at 2025-10-16 15:46:55
2025-11-27 20:37:02,260 - INFO - ACCEPTED: Aspect ratio 2.10 >= 2.0
2025-11-27 20:37:02,262 - INFO - Truck 195: ACCEPTED (aspect ratio 2.10) - saved to debug_images/Truck195
2025-11-27 20:37:05,954 - INFO - [ENTRY] Truck 196 crossed entry line at 2025-10-16 15:47:15
2025-11-27 20:37:05,954 - INFO - ACCEPTED: Aspect ratio 2.48 >= 2.0
2025-11-27 20:37:05,956 - INFO - Truck 196: ACCEPTED (aspect ratio 2.48) - saved to debug_images/Truck196
2025-11-27 20:37:07,701 - INFO - [ENTRY] Truck 197 crossed entry line at 2025-10-16 15:47:22
2025-11-27 20:37:07,701 - INFO - ACCEPTED: Aspect ratio 2.19 >= 2.0
2025-11-27 20:37:07,703 - INFO - Truck 197: ACCEPTED (aspect ratio 2.19) - saved to debug_images/Truck197
2025-11-27 20:37:08,408 - INFO - [ENTRY] Truck 198 crossed entry line at 2025-10-16 15:47:25
2025-11-27 20:37:08,408 - INFO - REJECTED: Aspect ratio 1.47 < 2.0 - trailer not visible
2025-11-27 20:37:08,408 - INFO - Truck 198: REJECTED (aspect ratio 1.47 < 2.0)
2025-11-27 20:37:09,019 - INFO - [ENTRY] Truck 199 crossed entry line at 2025-10-16 15:47:26
2025-11-27 20:37:09,019 - INFO - ACCEPTED: Aspect ratio 2.11 >= 2.0
2025-11-27 20:37:09,021 - INFO - Truck 199: ACCEPTED (aspect ratio 2.11) - saved to debug_images/Truck199
2025-11-27 20:37:10,586 - INFO - [ENTRY] Truck 200 crossed entry line at 2025-10-16 15:47:34
2025-11-27 20:37:10,586 - INFO - ACCEPTED: Aspect ratio 2.37 >= 2.0
2025-11-27 20:37:10,588 - INFO - Truck 200: ACCEPTED (aspect ratio 2.37) - saved to debug_images/Truck200
2025-11-27 20:37:11,115 - INFO - [ENTRY] Truck 201 crossed entry line at 2025-10-16 15:47:35
2025-11-27 20:37:11,115 - INFO - ACCEPTED: Aspect ratio 2.30 >= 2.0
2025-11-27 20:37:11,117 - INFO - Truck 201: ACCEPTED (aspect ratio 2.30) - saved to debug_images/Truck201
2025-11-27 20:37:12,618 - INFO - [ENTRY] Truck 202 crossed entry line at 2025-10-16 15:47:37
2025-11-27 20:37:12,618 - INFO - ACCEPTED: Aspect ratio 2.01 >= 2.0
2025-11-27 20:37:12,620 - INFO - Truck 202: ACCEPTED (aspect ratio 2.01) - saved to debug_images/Truck202
2025-11-27 20:37:13,180 - INFO - [ENTRY] Truck 203 crossed entry line at 2025-10-16 15:47:43
2025-11-27 20:37:13,181 - INFO - REJECTED: Aspect ratio 1.70 < 2.0 - trailer not visible
2025-11-27 20:37:13,181 - INFO - Truck 203: REJECTED (aspect ratio 1.70 < 2.0)
2025-11-27 20:37:14,439 - INFO - [ENTRY] Truck 204 crossed entry line at 2025-10-16 15:47:50
2025-11-27 20:37:14,439 - INFO - ACCEPTED: Aspect ratio 2.41 >= 2.0
2025-11-27 20:37:14,441 - INFO - Truck 204: ACCEPTED (aspect ratio 2.41) - saved to debug_images/Truck204
2025-11-27 20:37:15,728 - INFO - [ENTRY] Truck 205 crossed entry line at 2025-10-16 15:47:55
2025-11-27 20:37:15,729 - INFO - ACCEPTED: Aspect ratio 2.63 >= 2.0
2025-11-27 20:37:15,730 - INFO - Truck 205: ACCEPTED (aspect ratio 2.63) - saved to debug_images/Truck205
2025-11-27 20:37:16,442 - INFO - [ENTRY] Truck 206 crossed entry line at 2025-10-16 15:47:58
2025-11-27 20:37:16,442 - INFO - ACCEPTED: Aspect ratio 2.37 >= 2.0
2025-11-27 20:37:16,444 - INFO - Truck 206: ACCEPTED (aspect ratio 2.37) - saved to debug_images/Truck206
2025-11-27 20:37:17,366 - INFO - [ENTRY] Truck 207 crossed entry line at 2025-10-16 15:48:01
2025-11-27 20:37:17,366 - INFO - ACCEPTED: Aspect ratio 2.36 >= 2.0
2025-11-27 20:37:17,368 - INFO - Truck 207: ACCEPTED (aspect ratio 2.36) - saved to debug_images/Truck207
2025-11-27 20:37:18,605 - INFO - [ENTRY] Truck 208 crossed entry line at 2025-10-16 15:48:07
2025-11-27 20:37:18,606 - INFO - ACCEPTED: Aspect ratio 2.48 >= 2.0
2025-11-27 20:37:18,607 - INFO - Truck 208: ACCEPTED (aspect ratio 2.48) - saved to debug_images/Truck208
2025-11-27 20:37:20,646 - INFO - [ENTRY] Truck 209 crossed entry line at 2025-10-16 15:48:15
2025-11-27 20:37:20,646 - INFO - REJECTED: Aspect ratio 1.15 < 2.0 - trailer not visible
2025-11-27 20:37:20,646 - INFO - Truck 209: REJECTED (aspect ratio 1.15 < 2.0)
2025-11-27 20:37:22,349 - INFO - [ENTRY] Truck 210 crossed entry line at 2025-10-16 15:48:22
2025-11-27 20:37:22,349 - INFO - ACCEPTED: Aspect ratio 2.53 >= 2.0
2025-11-27 20:37:22,350 - INFO - Truck 210: ACCEPTED (aspect ratio 2.53) - saved to debug_images/Truck210
2025-11-27 20:37:23,788 - INFO - [ENTRY] Truck 211 crossed entry line at 2025-10-16 15:48:26
2025-11-27 20:37:23,788 - INFO - REJECTED: Aspect ratio 1.32 < 2.0 - trailer not visible
2025-11-27 20:37:23,788 - INFO - Truck 211: REJECTED (aspect ratio 1.32 < 2.0)
2025-11-27 20:37:24,938 - INFO - [ENTRY] Truck 212 crossed entry line at 2025-10-16 15:48:26
2025-11-27 20:37:24,939 - INFO - ACCEPTED: Aspect ratio 2.45 >= 2.0
2025-11-27 20:37:24,940 - INFO - Truck 212: ACCEPTED (aspect ratio 2.45) - saved to debug_images/Truck212
2025-11-27 20:37:25,689 - INFO - [ENTRY] Truck 213 crossed entry line at 2025-10-16 15:48:26
2025-11-27 20:37:25,689 - INFO - REJECTED: Aspect ratio 1.26 < 2.0 - trailer not visible
2025-11-27 20:37:25,689 - INFO - Truck 213: REJECTED (aspect ratio 1.26 < 2.0)
2025-11-27 20:37:26,452 - INFO - [ENTRY] Truck 214 crossed entry line at 2025-10-16 15:48:26
2025-11-27 20:37:26,453 - INFO - ACCEPTED: Aspect ratio 2.52 >= 2.0
2025-11-27 20:37:26,454 - INFO - Truck 214: ACCEPTED (aspect ratio 2.52) - saved to debug_images/Truck214
2025-11-27 20:37:27,241 - INFO - [ENTRY] Truck 215 crossed entry line at 2025-10-16 15:48:26
2025-11-27 20:37:27,242 - INFO - ACCEPTED: Aspect ratio 2.87 >= 2.0
2025-11-27 20:37:27,243 - INFO - Truck 215: ACCEPTED (aspect ratio 2.87) - saved to debug_images/Truck215
2025-11-27 20:37:27,840 - INFO - [ENTRY] Truck 216 crossed entry line at 2025-10-16 15:48:43
2025-11-27 20:37:27,840 - INFO - ACCEPTED: Aspect ratio 2.25 >= 2.0
2025-11-27 20:37:27,842 - INFO - Truck 216: ACCEPTED (aspect ratio 2.25) - saved to debug_images/Truck216
2025-11-27 20:37:28,373 - INFO - [ENTRY] Truck 217 crossed entry line at 2025-10-16 15:48:46
2025-11-27 20:37:28,373 - INFO - ACCEPTED: Aspect ratio 2.15 >= 2.0
2025-11-27 20:37:28,375 - INFO - Truck 217: ACCEPTED (aspect ratio 2.15) - saved to debug_images/Truck217
2025-11-27 20:37:29,098 - INFO - [ENTRY] Truck 218 crossed entry line at 2025-10-16 15:48:47
2025-11-27 20:37:29,098 - INFO - ACCEPTED: Aspect ratio 2.26 >= 2.0
2025-11-27 20:37:29,100 - INFO - Truck 218: ACCEPTED (aspect ratio 2.26) - saved to debug_images/Truck218
2025-11-27 20:37:31,023 - INFO - [ENTRY] Truck 219 crossed entry line at 2025-10-16 15:48:57
2025-11-27 20:37:31,023 - INFO - REJECTED: Aspect ratio 1.10 < 2.0 - trailer not visible
2025-11-27 20:37:31,024 - INFO - Truck 219: REJECTED (aspect ratio 1.10 < 2.0)
2025-11-27 20:37:32,039 - INFO - [ENTRY] Truck 220 crossed entry line at 2025-10-16 15:49:00
2025-11-27 20:37:32,039 - INFO - REJECTED: Aspect ratio 1.62 < 2.0 - trailer not visible
2025-11-27 20:37:32,039 - INFO - Truck 220: REJECTED (aspect ratio 1.62 < 2.0)
2025-11-27 20:37:32,868 - INFO - [ENTRY] Truck 221 crossed entry line at 2025-10-16 15:49:00
2025-11-27 20:37:32,868 - INFO - REJECTED: Aspect ratio 1.84 < 2.0 - trailer not visible
2025-11-27 20:37:32,869 - INFO - Truck 221: REJECTED (aspect ratio 1.84 < 2.0)
2025-11-27 20:37:33,555 - INFO - [ENTRY] Truck 222 crossed entry line at 2025-10-16 15:49:06
2025-11-27 20:37:33,555 - INFO - ACCEPTED: Aspect ratio 2.37 >= 2.0
2025-11-27 20:37:33,557 - INFO - Truck 222: ACCEPTED (aspect ratio 2.37) - saved to debug_images/Truck222
2025-11-27 20:37:34,266 - INFO - [ENTRY] Truck 223 crossed entry line at 2025-10-16 15:49:09
2025-11-27 20:37:34,266 - INFO - ACCEPTED: Aspect ratio 2.49 >= 2.0
2025-11-27 20:37:34,267 - INFO - Truck 223: ACCEPTED (aspect ratio 2.49) - saved to debug_images/Truck223
2025-11-27 20:37:35,663 - INFO - [ENTRY] Truck 224 crossed entry line at 2025-10-16 15:49:15
2025-11-27 20:37:35,663 - INFO - REJECTED: Aspect ratio 1.60 < 2.0 - trailer not visible
2025-11-27 20:37:35,663 - INFO - Truck 224: REJECTED (aspect ratio 1.60 < 2.0)
2025-11-27 20:37:36,279 - INFO - [ENTRY] Truck 225 crossed entry line at 2025-10-16 15:49:18
2025-11-27 20:37:36,279 - INFO - ACCEPTED: Aspect ratio 2.35 >= 2.0
2025-11-27 20:37:36,281 - INFO - Truck 225: ACCEPTED (aspect ratio 2.35) - saved to debug_images/Truck225
2025-11-27 20:37:36,868 - INFO - [ENTRY] Truck 226 crossed entry line at 2025-10-16 15:49:21
2025-11-27 20:37:36,868 - INFO - REJECTED: Aspect ratio 1.18 < 2.0 - trailer not visible
2025-11-27 20:37:36,869 - INFO - Truck 226: REJECTED (aspect ratio 1.18 < 2.0)
2025-11-27 20:37:37,479 - INFO - [ENTRY] Truck 227 crossed entry line at 2025-10-16 15:49:23
2025-11-27 20:37:37,479 - INFO - ACCEPTED: Aspect ratio 2.22 >= 2.0
2025-11-27 20:37:37,481 - INFO - Truck 227: ACCEPTED (aspect ratio 2.22) - saved to debug_images/Truck227
2025-11-27 20:37:39,616 - INFO - [ENTRY] Truck 228 crossed entry line at 2025-10-16 15:49:30
2025-11-27 20:37:39,616 - INFO - REJECTED: Aspect ratio 1.09 < 2.0 - trailer not visible
2025-11-27 20:37:39,616 - INFO - Truck 228: REJECTED (aspect ratio 1.09 < 2.0)
2025-11-27 20:37:40,302 - INFO - [ENTRY] Truck 229 crossed entry line at 2025-10-16 15:49:35
2025-11-27 20:37:40,302 - INFO - REJECTED: Aspect ratio 1.11 < 2.0 - trailer not visible
2025-11-27 20:37:40,302 - INFO - Truck 229: REJECTED (aspect ratio 1.11 < 2.0)
2025-11-27 20:37:40,860 - INFO - [ENTRY] Truck 230 crossed entry line at 2025-10-16 15:49:35
2025-11-27 20:37:40,860 - INFO - REJECTED: Aspect ratio 1.68 < 2.0 - trailer not visible
2025-11-27 20:37:40,860 - INFO - Truck 230: REJECTED (aspect ratio 1.68 < 2.0)
2025-11-27 20:37:41,721 - INFO - [ENTRY] Truck 231 crossed entry line at 2025-10-16 15:49:41
2025-11-27 20:37:41,721 - INFO - ACCEPTED: Aspect ratio 2.30 >= 2.0
2025-11-27 20:37:41,723 - INFO - Truck 231: ACCEPTED (aspect ratio 2.30) - saved to debug_images/Truck231
2025-11-27 20:37:42,740 - INFO - [ENTRY] Truck 232 crossed entry line at 2025-10-16 15:49:45
2025-11-27 20:37:42,740 - INFO - ACCEPTED: Aspect ratio 2.12 >= 2.0
2025-11-27 20:37:42,741 - INFO - Truck 232: ACCEPTED (aspect ratio 2.12) - saved to debug_images/Truck232
2025-11-27 20:37:44,692 - INFO - [ENTRY] Truck 233 crossed entry line at 2025-10-16 15:49:53
2025-11-27 20:37:44,692 - INFO - ACCEPTED: Aspect ratio 2.31 >= 2.0
2025-11-27 20:37:44,693 - INFO - Truck 233: ACCEPTED (aspect ratio 2.31) - saved to debug_images/Truck233
2025-11-27 20:37:45,791 - INFO - [ENTRY] Truck 234 crossed entry line at 2025-10-16 15:49:55
2025-11-27 20:37:45,791 - INFO - ACCEPTED: Aspect ratio 2.28 >= 2.0
2025-11-27 20:37:45,793 - INFO - Truck 234: ACCEPTED (aspect ratio 2.28) - saved to debug_images/Truck234
2025-11-27 20:37:47,551 - INFO - [ENTRY] Truck 235 crossed entry line at 2025-10-16 15:49:58
2025-11-27 20:37:47,552 - INFO - ACCEPTED: Aspect ratio 2.52 >= 2.0
2025-11-27 20:37:47,553 - INFO - Truck 235: ACCEPTED (aspect ratio 2.52) - saved to debug_images/Truck235
2025-11-27 20:37:48,078 - INFO - [ENTRY] Truck 236 crossed entry line at 2025-10-16 15:49:58
2025-11-27 20:37:48,079 - INFO - REJECTED: Aspect ratio 1.21 < 2.0 - trailer not visible
2025-11-27 20:37:48,079 - INFO - Truck 236: REJECTED (aspect ratio 1.21 < 2.0)
2025-11-27 20:37:48,203 - INFO - [ENTRY] Truck 237 crossed entry line at 2025-10-16 15:49:58
2025-11-27 20:37:48,204 - INFO - ACCEPTED: Aspect ratio 2.37 >= 2.0
2025-11-27 20:37:48,205 - INFO - Truck 237: ACCEPTED (aspect ratio 2.37) - saved to debug_images/Truck237
2025-11-27 20:37:48,243 - INFO - [ENTRY] Truck 238 crossed entry line at 2025-10-16 15:50:07
2025-11-27 20:37:48,243 - INFO - ACCEPTED: Aspect ratio 2.75 >= 2.0
2025-11-27 20:37:48,245 - INFO - Truck 238: ACCEPTED (aspect ratio 2.75) - saved to debug_images/Truck238
2025-11-27 20:37:54,720 - INFO - [ENTRY] Truck 239 crossed entry line at 2025-10-16 15:50:33
2025-11-27 20:37:54,721 - INFO - REJECTED: Aspect ratio 1.19 < 2.0 - trailer not visible
2025-11-27 20:37:54,721 - INFO - Truck 239: REJECTED (aspect ratio 1.19 < 2.0)
2025-11-27 20:37:56,086 - INFO - [ENTRY] Truck 240 crossed entry line at 2025-10-16 15:50:39
2025-11-27 20:37:56,086 - INFO - ACCEPTED: Aspect ratio 2.32 >= 2.0
2025-11-27 20:37:56,088 - INFO - Truck 240: ACCEPTED (aspect ratio 2.32) - saved to debug_images/Truck240
2025-11-27 20:37:58,007 - INFO - [ENTRY] Truck 241 crossed entry line at 2025-10-16 15:50:47
2025-11-27 20:37:58,007 - INFO - ACCEPTED: Aspect ratio 2.32 >= 2.0
2025-11-27 20:37:58,009 - INFO - Truck 241: ACCEPTED (aspect ratio 2.32) - saved to debug_images/Truck241
2025-11-27 20:38:00,857 - INFO - [ENTRY] Truck 242 crossed entry line at 2025-10-16 15:50:58
2025-11-27 20:38:00,857 - INFO - REJECTED: Aspect ratio 1.99 < 2.0 - trailer not visible
2025-11-27 20:38:00,857 - INFO - Truck 242: REJECTED (aspect ratio 1.99 < 2.0)
2025-11-27 20:38:00,983 - INFO - [ENTRY] Truck 243 crossed entry line at 2025-10-16 15:50:59
2025-11-27 20:38:00,983 - INFO - REJECTED: Aspect ratio 1.16 < 2.0 - trailer not visible
2025-11-27 20:38:00,983 - INFO - Truck 243: REJECTED (aspect ratio 1.16 < 2.0)
2025-11-27 20:38:02,285 - INFO - [ENTRY] Truck 244 crossed entry line at 2025-10-16 15:51:03
2025-11-27 20:38:02,285 - INFO - ACCEPTED: Aspect ratio 2.42 >= 2.0
2025-11-27 20:38:02,287 - INFO - Truck 244: ACCEPTED (aspect ratio 2.42) - saved to debug_images/Truck244
2025-11-27 20:38:03,528 - INFO - [ENTRY] Truck 245 crossed entry line at 2025-10-16 15:51:03
2025-11-27 20:38:03,528 - INFO - REJECTED: Aspect ratio 1.58 < 2.0 - trailer not visible
2025-11-27 20:38:03,528 - INFO - Truck 245: REJECTED (aspect ratio 1.58 < 2.0)
2025-11-27 20:38:03,926 - INFO - [ENTRY] Truck 246 crossed entry line at 2025-10-16 15:51:11
2025-11-27 20:38:03,926 - INFO - REJECTED: Aspect ratio 1.57 < 2.0 - trailer not visible
2025-11-27 20:38:03,926 - INFO - Truck 246: REJECTED (aspect ratio 1.57 < 2.0)
2025-11-27 20:38:05,997 - INFO - [ENTRY] Truck 247 crossed entry line at 2025-10-16 15:51:19
2025-11-27 20:38:05,998 - INFO - ACCEPTED: Aspect ratio 2.32 >= 2.0
2025-11-27 20:38:05,999 - INFO - Truck 247: ACCEPTED (aspect ratio 2.32) - saved to debug_images/Truck247
2025-11-27 20:38:07,164 - INFO - [ENTRY] Truck 248 crossed entry line at 2025-10-16 15:51:24
2025-11-27 20:38:07,164 - INFO - REJECTED: Aspect ratio 1.37 < 2.0 - trailer not visible
2025-11-27 20:38:07,164 - INFO - Truck 248: REJECTED (aspect ratio 1.37 < 2.0)
2025-11-27 20:38:07,289 - INFO - [ENTRY] Truck 249 crossed entry line at 2025-10-16 15:51:25
2025-11-27 20:38:07,289 - INFO - ACCEPTED: Aspect ratio 2.49 >= 2.0
2025-11-27 20:38:07,292 - INFO - Truck 249: ACCEPTED (aspect ratio 2.49) - saved to debug_images/Truck249
2025-11-27 20:38:08,149 - INFO - [ENTRY] Truck 250 crossed entry line at 2025-10-16 15:51:28
2025-11-27 20:38:08,149 - INFO - ACCEPTED: Aspect ratio 2.36 >= 2.0
2025-11-27 20:38:08,151 - INFO - Truck 250: ACCEPTED (aspect ratio 2.36) - saved to debug_images/Truck250
2025-11-27 20:38:09,402 - INFO - [ENTRY] Truck 251 crossed entry line at 2025-10-16 15:51:29
2025-11-27 20:38:09,402 - INFO - ACCEPTED: Aspect ratio 2.34 >= 2.0
2025-11-27 20:38:09,404 - INFO - Truck 251: ACCEPTED (aspect ratio 2.34) - saved to debug_images/Truck251
2025-11-27 20:38:09,731 - INFO - Vehicle log saved to: vehicle_log.csv
2025-11-27 20:38:09,731 - INFO - Total trucks entered: 163
2025-11-27 20:38:09,732 - INFO - ============================================================
2025-11-27 20:38:09,732 - INFO - ASPECT RATIO FILTER SUMMARY
2025-11-27 20:38:09,732 - INFO - ============================================================
2025-11-27 20:38:09,732 - INFO - Minimum aspect ratio: 2.0
2025-11-27 20:38:09,732 - INFO - Total trucks detected: 251
2025-11-27 20:38:09,732 - INFO - Accepted (trailer visible): 163
2025-11-27 20:38:09,732 - INFO - Rejected (trailer cut off): 88
2025-11-27 20:38:09,732 - INFO - Acceptance rate: 64.9%
2025-11-27 20:38:09,732 - INFO - ============================================================
